<?xml version="1.0" encoding="UTF-8"?>
<!-- Generated by org.testng.reporters.JUnitReportReporter -->
<testsuite hostname="DESKTOP-U9H4J46" failures="0" tests="3" name="Guru99.TestingGuru" time="23.665" errors="0" timestamp="2021-11-06T11:49:35 EDT" skipped="0">
  <testcase classname="Guru99.TestingGuru" name="logout" time="6.565"/>
  <system-out/>
  <testcase classname="Guru99.TestingGuru" name="loginwithvaliduser" time="9.188"/>
  <system-out/>
  <testcase classname="Guru99.TestingGuru" name="homepage_elements" time="7.912"/>
  <system-out/>
</testsuite> <!-- Guru99.TestingGuru -->
