<?xml version="1.0" encoding="UTF-8"?>
<!-- Generated by org.testng.reporters.JUnitReportReporter -->
<testsuite hostname="DESKTOP-U9H4J46" failures="0" tests="3" name="Guru99.TestingGuru" time="20.578" errors="0" timestamp="2021-11-09T17:05:28 EST" skipped="0">
  <testcase classname="Guru99.TestingGuru" name="loginwithvaliduser" time="10.446"/>
  <system-out/>
  <testcase classname="Guru99.TestingGuru" name="homepage_elements" time="4.756"/>
  <system-out/>
  <testcase classname="Guru99.TestingGuru" name="logout" time="5.376"/>
  <system-out/>
</testsuite> <!-- Guru99.TestingGuru -->
