<?xml version="1.0" encoding="UTF-8"?>
<!-- Generated by org.testng.reporters.JUnitReportReporter -->
<testsuite hostname="DESKTOP-U9H4J46" failures="0" tests="3" name="Guru99.TestingGuru" time="18.910" errors="0" timestamp="2021-11-06T12:03:00 EDT" skipped="0">
  <testcase classname="Guru99.TestingGuru" name="loginwithvaliduser" time="7.846"/>
  <system-out/>
  <testcase classname="Guru99.TestingGuru" name="homepage_elements" time="5.467"/>
  <system-out/>
  <testcase classname="Guru99.TestingGuru" name="logout" time="5.597"/>
  <system-out/>
</testsuite> <!-- Guru99.TestingGuru -->
