<?xml version="1.0" encoding="UTF-8"?>
<!-- Generated by org.testng.reporters.JUnitReportReporter -->
<testsuite hostname="DESKTOP-6UVJGEU" failures="0" tests="3" name="Guru99.TestingGuru" time="108.124" errors="0" timestamp="2021-11-09T22:55:13 GMT-05:00" skipped="0">
  <testcase classname="Guru99.TestingGuru" name="logout" time="51.932"/>
  <system-out/>
  <testcase classname="Guru99.TestingGuru" name="loginwithvaliduser" time="29.819"/>
  <system-out/>
  <testcase classname="Guru99.TestingGuru" name="homepage_elements" time="26.373"/>
  <system-out/>
</testsuite> <!-- Guru99.TestingGuru -->
